MessageWrapperFactory at 2024-01-03 오후 5:07:29

Namespace: Chat
Target path: Chat
Proto file extension: proto
The prefix of exclude-packet in server: C
The prefix of exclude-packet in client: S
Output path of server code: server
Output path of client code: client

Found .proto files in Chat (4 files) : 
Chat\Chat.proto
Chat\Other.proto
Chat\Room.proto
Chat\User.proto

Found messages (top-level, except nested)
### Chat.proto (8): 
- SSendChatText
- SSendChatIcon
- CSendChat
- CChatText
- CChatIcon
- ChatBase
- ChatText
- ChatIcon
### Other.proto (2): 
- SPingPacket
- CPongPacket
### Room.proto (10): 
- SCreateRoomReq
- CCreateRoomRes
- SEnterRoomReq
- CEnterRoomRes
- SRoomListReq
- CRoomListRes
- SLeaveRoomReq
- CUserEnterRoom
- CUserLeftRoom
- RoomInfo
### User.proto (5): 
- SLoginReq
- CLoginRes
- SEditUserNameReq
- CEditUserNameRes
- UserInfo

