MessageWrapperFactory at 2023-12-27 17:27:01

Namespace: Chat
Target path: Chat
Proto file extension: proto
The prefix of exclude-packet in server: C
The prefix of exclude-packet in client: S
Output path of server code: server
Output path of client code: client

Found .proto files in Chat (4 files) : 
Chat\Chat.proto
Chat\Other.proto
Chat\Room.proto
Chat\User.proto

Found messages (top-level, except nested)
### Chat.proto (8): 
- SSendChatText
- SSendChatIcon
- CSendChat
- CChatText
- CChatIcon
- ChatBase
- ChatText
- ChatIcon
### Other.proto (2): 
- SPingPacket
- CPongPacket
### Room.proto (9): 
- SCreateRoomReq
- CCreateRoomRes
- SEnterRoomReq
- CEnterRoomRes
- SRoomListReq
- CRoomListRes
- SLeaveRoomReq
- CUserLeftRoom
- RoomInfo
### User.proto (3): 
- SLoginReq
- CLoginRes
- UserInfo

